<?xml version="1.0" encoding="UTF-8"?>
<!-- Generated by org.testng.reporters.JUnitReportReporter -->
<testsuite hostname="HP-AOPP" failures="0" tests="1" name="com.Alta.AltaGiru" time="17.331" errors="0" timestamp="28 nov. 2021 21:09:57 GMT" skipped="0">
  <testcase classname="com.Alta.AltaGiru" name="tc001" time="17.331"/>
</testsuite> <!-- com.Alta.AltaGiru -->
