<?xml version="1.0" encoding="UTF-8"?>
<!-- Generated by org.testng.reporters.JUnitReportReporter -->
<testsuite hostname="HP-AOPP" failures="0" tests="1" name="com.opensource.qa.TC001_excel" time="5.871" errors="0" timestamp="24 nov. 2021 04:05:50 GMT" skipped="0">
  <testcase classname="com.opensource.qa.TC001_excel" name="tc001" time="5.871"/>
</testsuite> <!-- com.opensource.qa.TC001_excel -->
