<?xml version="1.0" encoding="UTF-8"?>
<!-- Generated by org.testng.reporters.JUnitReportReporter -->
<testsuite hostname="HP-AOPP" failures="0" tests="1" name="com.opensource.qa.TC002_Validate_Invalid_Password" time="8.490" errors="0" timestamp="03 dic. 2021 02:44:49 GMT" skipped="0">
  <testcase classname="com.opensource.qa.TC002_Validate_Invalid_Password" name="tc002" time="8.490"/>
</testsuite> <!-- com.opensource.qa.TC002_Validate_Invalid_Password -->
