<?xml version="1.0" encoding="UTF-8"?>
<!-- Generated by org.testng.reporters.JUnitReportReporter -->
<testsuite hostname="HP-AOPP" failures="0" tests="1" name="com.opensource.qa.Tc004" time="0.003" errors="0" timestamp="26 nov. 2021 01:05:28 GMT" skipped="0">
  <testcase classname="com.opensource.qa.Tc004" name="tc004" time="0.003"/>
</testsuite> <!-- com.opensource.qa.Tc004 -->
