<?xml version="1.0" encoding="UTF-8"?>
<!-- Generated by org.testng.reporters.JUnitReportReporter -->
<testsuite hostname="HP-AOPP" failures="0" tests="1" name="com.opensource.qa.Tc002" time="4.878" errors="0" timestamp="24 nov. 2021 04:27:16 GMT" skipped="0">
  <testcase classname="com.opensource.qa.Tc002" name="tc002" time="4.878"/>
</testsuite> <!-- com.opensource.qa.Tc002 -->
