<?xml version="1.0" encoding="UTF-8"?>
<!-- Generated by org.testng.reporters.JUnitReportReporter -->
<testsuite hostname="HP-AOPP" failures="0" tests="1" name="com.google.googleTest" time="6.378" errors="0" timestamp="02 nov. 2021 02:16:20 GMT" skipped="0">
  <testcase classname="com.google.googleTest" name="f" time="6.378"/>
</testsuite> <!-- com.google.googleTest -->
