<?xml version="1.0" encoding="UTF-8"?>
<!-- Generated by org.testng.reporters.JUnitReportReporter -->
<testsuite hostname="HP-AOPP" failures="0" tests="1" name="com.opensource.qa.TC001_Validate_User_Admin_POM" time="7.750" errors="0" timestamp="26 nov. 2021 01:05:28 GMT" skipped="0">
  <testcase classname="com.opensource.qa.TC001_Validate_User_Admin_POM" name="tc001" time="7.750"/>
</testsuite> <!-- com.opensource.qa.TC001_Validate_User_Admin_POM -->
