<?xml version="1.0" encoding="UTF-8"?>
<!-- Generated by org.testng.reporters.JUnitReportReporter -->
<testsuite hostname="HP-AOPP" failures="0" tests="1" name="com.opensource.qa.Ejercio1" time="11.885" errors="0" timestamp="19 nov. 2021 01:32:10 GMT" skipped="0">
  <testcase classname="com.opensource.qa.Ejercio1" name="TC001" time="11.885"/>
</testsuite> <!-- com.opensource.qa.Ejercio1 -->
